\BOOKMARK [0][-]{Doc-Start}{\376\377\000R\000e\000m\000e\000r\000c\000i\000e\000m\000e\000n\000t\000s}{}% 1
\BOOKMARK [0][-]{Doc-Start}{\376\377\000R\000\351\000s\000u\000m\000\351}{}% 2
\BOOKMARK [0][-]{Doc-Start}{\376\377\000A\000b\000s\000t\000r\000a\000c\000t}{}% 3
\BOOKMARK [0][-]{Doc-Start}{\376\377\000L\000i\000s\000t\000e\000\040\000d\000e\000s\000\040\000t\000a\000b\000l\000e\000a\000u\000x}{}% 4
\BOOKMARK [0][-]{chapter*.1}{\376\377\000T\000a\000b\000l\000e\000\040\000d\000e\000s\000\040\000f\000i\000g\000u\000r\000e\000s}{}% 5
\BOOKMARK [0][-]{chapter.1}{\376\377\000L\000a\000\040\000d\000\351\000t\000e\000c\000t\000i\000o\000n\000\040\000d\000'\000o\000b\000j\000e\000t\000s}{}% 6
\BOOKMARK [1][-]{section.1.1}{\376\377\000I\000n\000t\000r\000o\000d\000u\000c\000t\000i\000o\000n}{chapter.1}% 7
\BOOKMARK [1][-]{section.1.2}{\376\377\000O\000b\000j\000e\000c\000t\000i\000f}{chapter.1}% 8
\BOOKMARK [2][-]{subsection.1.2.1}{\376\377\000L\000o\000c\000a\000l\000i\000s\000a\000t\000i\000o\000n\000\040\000d\000'\000o\000b\000j\000e\000t}{section.1.2}% 9
\BOOKMARK [2][-]{subsection.1.2.2}{\376\377\000C\000l\000a\000s\000s\000i\000f\000i\000c\000a\000t\000i\000o\000n\000\040\000d\000'\000o\000b\000j\000e\000t}{section.1.2}% 10
\BOOKMARK [1][-]{section.1.3}{\376\377\000H\000i\000s\000t\000o\000r\000i\000q\000u\000e}{chapter.1}% 11
\BOOKMARK [1][-]{section.1.4}{\376\377\000E\000t\000a\000t\000\040\000d\000e\000\040\000l\000'\000a\000r\000t\000\040\000d\000e\000s\000\040\000t\000e\000c\000h\000n\000i\000q\000u\000e\000s\000\040\000d\000e\000\040\000d\000\351\000t\000e\000c\000t\000i\000o\000n\000\040\000d\000'\000o\000b\000j\000e\000t\000s}{chapter.1}% 12
\BOOKMARK [1][-]{section.1.5}{\376\377\000L\000e\000s\000\040\000a\000p\000p\000l\000i\000c\000a\000t\000i\000o\000n\000s\000\040\000d\000e\000\040\000l\000a\000\040\000d\000\351\000t\000e\000c\000t\000i\000o\000n\000\040\000d\000'\000o\000b\000j\000e\000t\000s}{chapter.1}% 13
\BOOKMARK [2][-]{subsection.1.5.1}{\376\377\000R\000e\000c\000o\000n\000n\000a\000i\000s\000s\000a\000n\000c\000e\000\040\000o\000p\000t\000i\000q\000u\000e\000\040\000d\000e\000\040\000c\000a\000r\000a\000c\000t\000\350\000r\000e\000s}{section.1.5}% 14
\BOOKMARK [2][-]{subsection.1.5.2}{\376\377\000V\000o\000i\000t\000u\000r\000e\000s\000\040\000a\000u\000t\000o\000n\000o\000m\000e\000s}{section.1.5}% 15
\BOOKMARK [2][-]{subsection.1.5.3}{\376\377\000S\000u\000i\000v\000i\000\040\000d\000e\000s\000\040\000o\000b\000j\000e\000t\000s}{section.1.5}% 16
\BOOKMARK [2][-]{subsection.1.5.4}{\376\377\000B\000i\000o\000m\000\351\000t\000r\000i\000e}{section.1.5}% 17
\BOOKMARK [2][-]{subsection.1.5.5}{\376\377\000r\000e\000c\000o\000n\000n\000a\000i\000s\000s\000a\000n\000c\000e\000\040\000d\000'\000a\000c\000t\000i\000v\000i\000t\000\351\000s}{section.1.5}% 18
\BOOKMARK [2][-]{subsection.1.5.6}{\376\377\000T\000a\000t\000o\000u\000a\000g\000e\000\040\000n\000u\000m\000\351\000r\000i\000q\000u\000e}{section.1.5}% 19
\BOOKMARK [2][-]{subsection.1.5.7}{\376\377\000I\000m\000a\000g\000e\000r\000i\000e\000\040\000m\000\351\000d\000i\000c\000a\000l\000e}{section.1.5}% 20
\BOOKMARK [2][-]{subsection.1.5.8}{\376\377\000R\000o\000b\000o\000t\000i\000q\000u\000e}{section.1.5}% 21
\BOOKMARK [2][-]{subsection.1.5.9}{\376\377\000P\000r\000o\000d\000u\000c\000t\000i\000o\000n\000\040\000i\000n\000d\000u\000s\000t\000r\000i\000e\000l\000l\000e}{section.1.5}% 22
\BOOKMARK [2][-]{subsection.1.5.10}{\376\377\000S\000u\000r\000v\000e\000i\000l\000l\000a\000n\000c\000e\000\040\000e\000t\000\040\000s\000\351\000c\000u\000r\000i\000t\000\351}{section.1.5}% 23
\BOOKMARK [1][-]{section.1.6}{\376\377\000C\000o\000n\000c\000l\000u\000s\000i\000o\000n}{chapter.1}% 24
\BOOKMARK [0][-]{chapter.2}{\376\377\000D\000\351\000t\000e\000c\000t\000i\000o\000n\000\040\000d\000'\000o\000b\000j\000e\000t\000s\000\040\000e\000t\000\040\000a\000p\000p\000r\000e\000n\000t\000i\000s\000s\000a\000g\000e\000\040\000p\000r\000o\000f\000o\000n\000d}{}% 25
\BOOKMARK [1][-]{section.2.1}{\376\377\000I\000n\000t\000r\000o\000d\000u\000c\000t\000i\000o\000n}{chapter.2}% 26
\BOOKMARK [1][-]{section.2.2}{\376\377\000C\000o\000n\000c\000e\000p\000t\000s\000\040\000d\000e\000\040\000b\000a\000s\000e}{chapter.2}% 27
\BOOKMARK [2][-]{subsection.2.2.1}{\376\377\000L\000e\000s\000\040\000r\000\351\000s\000e\000a\000u\000x\000\040\000d\000e\000\040\000n\000e\000u\000r\000o\000n\000e\000s\000\040\000c\000o\000n\000v\000o\000l\000u\000t\000i\000f\000s\000\040\000\050\000C\000N\000N\000\051}{section.2.2}% 28
\BOOKMARK [2][-]{subsection.2.2.2}{\376\377\000L\000'\000a\000p\000p\000r\000e\000n\000t\000i\000s\000s\000a\000g\000e\000\040\000p\000a\000r\000\040\000t\000r\000a\000n\000s\000f\000e\000r\000t}{section.2.2}% 29
\BOOKMARK [2][-]{subsection.2.2.3}{\376\377\000A\000r\000c\000h\000i\000t\000e\000c\000t\000u\000r\000e\000s\000\040\000C\000N\000N\000\040\000p\000o\000p\000u\000l\000a\000i\000r\000e\000s}{section.2.2}% 30
\BOOKMARK [1][-]{section.2.3}{\376\377\000L\000e\000s\000\040\000m\000\351\000t\000h\000o\000d\000e\000s\000\040\000d\000e\000\040\000d\000\351\000t\000e\000c\000t\000i\000o\000n\000s\000\040\000d\000'\000o\000b\000j\000e\000t\000s\000\040\000b\000a\000s\000\351\000e\000s\000\040\000s\000u\000r\000\040\000l\000'\000a\000p\000p\000r\000e\000n\000t\000i\000s\000s\000a\000g\000e\000\040\000p\000r\000o\000f\000o\000n\000d}{chapter.2}% 31
\BOOKMARK [1][-]{section.2.4}{\376\377\000M\000\351\000t\000r\000i\000q\000u\000e\000s\000\040\000p\000o\000u\000r\000\040\000l\000'\000\351\000v\000a\000l\000u\000a\000t\000i\000o\000n\000\040\000d\000e\000s\000\040\000s\000y\000s\000t\000\350\000m\000e\000s\000\040\000d\000e\000\040\000d\000\351\000t\000e\000c\000t\000i\000o\000n\000\040\000d\000'\000o\000b\000j\000e\000t\000s}{chapter.2}% 32
\BOOKMARK [1][-]{section.2.5}{\376\377\000B\000a\000s\000e\000s\000\040\000d\000e\000\040\000d\000o\000n\000n\000\351\000e\000s\000\040\000d\000'\000\351\000v\000a\000l\000u\000a\000t\000i\000o\000n}{chapter.2}% 33
\BOOKMARK [1][-]{section.2.6}{\376\377\000C\000o\000n\000c\000l\000u\000s\000i\000o\000n}{chapter.2}% 34
\BOOKMARK [0][-]{section.2.6}{\376\377\000B\000i\000b\000l\000i\000o\000g\000r\000a\000p\000h\000i\000e}{}% 35
\BOOKMARK [0][-]{section.2.6}{\376\377\000A\000n\000n\000e\000x\000e}{}% 36
